<?xml version="1.0" encoding="UTF-8"?>
<coverage generated="1756214134584" clover="3.2.0">
  <project timestamp="1756214134584" name="All files">
    <metrics statements="11" coveredstatements="10" conditionals="2" coveredconditionals="2" methods="7" coveredmethods="6" elements="20" coveredelements="18" complexity="0" loc="11" ncloc="11" packages="1" files="1" classes="1"/>
    <file name="script.js" path="C:\Users\user\Desktop\homework\Math-log-trig-\src\main\script.js">
      <metrics statements="11" coveredstatements="10" conditionals="2" coveredconditionals="2" methods="7" coveredmethods="6"/>
      <line num="3" count="8" type="stmt"/>
      <line num="4" count="8" type="stmt"/>
      <line num="8" count="6" type="stmt"/>
      <line num="12" count="6" type="stmt"/>
      <line num="13" count="6" type="stmt"/>
      <line num="14" count="6" type="cond" truecount="2" falsecount="0"/>
      <line num="15" count="2" type="stmt"/>
      <line num="20" count="2" type="stmt"/>
      <line num="24" count="0" type="stmt"/>
      <line num="30" count="4" type="stmt"/>
      <line num="36" count="4" type="stmt"/>
    </file>
  </project>
</coverage>
