{"C:\\Users\\user\\Desktop\\Math-log-trig-\\src\\main\\script.js": {"path":"C:\\Users\\user\\Desktop\\Math-log-trig-\\src\\main\\script.js","statementMap":{"0":{"start":{"line":3,"column":8},"end":{"line":3,"column":25}},"1":{"start":{"line":6,"column":8},"end":{"line":6,"column":42}},"2":{"start":{"line":7,"column":8},"end":{"line":7,"column":70}},"3":{"start":{"line":8,"column":8},"end":{"line":10,"column":9}},"4":{"start":{"line":9,"column":12},"end":{"line":9,"column":76}},"5":{"start":{"line":11,"column":8},"end":{"line":11,"column":26}},"6":{"start":{"line":14,"column":8},"end":{"line":14,"column":28}},"7":{"start":{"line":19,"column":8},"end":{"line":19,"column":15}},"8":{"start":{"line":22,"column":8},"end":{"line":22,"column":42}},"9":{"start":{"line":23,"column":8},"end":{"line":23,"column":70}},"10":{"start":{"line":24,"column":8},"end":{"line":26,"column":9}},"11":{"start":{"line":25,"column":12},"end":{"line":25,"column":76}},"12":{"start":{"line":27,"column":8},"end":{"line":27,"column":26}},"13":{"start":{"line":30,"column":8},"end":{"line":30,"column":26}},"14":{"start":{"line":31,"column":8},"end":{"line":31,"column":21}}},"fnMap":{"0":{"name":"(anonymous_0)","decl":{"start":{"line":2,"column":4},"end":{"line":2,"column":5}},"loc":{"start":{"line":2,"column":18},"end":{"line":4,"column":5}},"line":2},"1":{"name":"(anonymous_1)","decl":{"start":{"line":5,"column":4},"end":{"line":5,"column":5}},"loc":{"start":{"line":5,"column":25},"end":{"line":12,"column":5}},"line":5},"2":{"name":"(anonymous_2)","decl":{"start":{"line":13,"column":4},"end":{"line":13,"column":5}},"loc":{"start":{"line":13,"column":21},"end":{"line":15,"column":5}},"line":13},"3":{"name":"(anonymous_3)","decl":{"start":{"line":18,"column":4},"end":{"line":18,"column":5}},"loc":{"start":{"line":18,"column":18},"end":{"line":20,"column":5}},"line":18},"4":{"name":"(anonymous_4)","decl":{"start":{"line":21,"column":4},"end":{"line":21,"column":5}},"loc":{"start":{"line":21,"column":25},"end":{"line":28,"column":5}},"line":21},"5":{"name":"(anonymous_5)","decl":{"start":{"line":29,"column":4},"end":{"line":29,"column":5}},"loc":{"start":{"line":29,"column":21},"end":{"line":32,"column":5}},"line":29}},"branchMap":{"0":{"loc":{"start":{"line":8,"column":8},"end":{"line":10,"column":9}},"type":"if","locations":[{"start":{"line":8,"column":8},"end":{"line":10,"column":9}},{"start":{},"end":{}}],"line":8},"1":{"loc":{"start":{"line":24,"column":8},"end":{"line":26,"column":9}},"type":"if","locations":[{"start":{"line":24,"column":8},"end":{"line":26,"column":9}},{"start":{},"end":{}}],"line":24}},"s":{"0":8,"1":3,"2":3,"3":3,"4":1,"5":3,"6":1,"7":4,"8":3,"9":3,"10":3,"11":1,"12":3,"13":1,"14":1},"f":{"0":8,"1":3,"2":1,"3":4,"4":3,"5":1},"b":{"0":[1,2],"1":[1,2]},"_coverageSchema":"1a1c01bbd47fc00a2c39e90264f33305004495a9","hash":"f037cc9594263c1dc6811c0bc12003b00fc4e89b"}
}
